<?xml version="1.0" encoding="UTF-8"?>
<testsuite xmlns:xsi="http://www.w3.org/2001/XMLSchema-instance" xsi:schemaLocation="https://maven.apache.org/surefire/maven-surefire-plugin/xsd/surefire-test-report.xsd" name="RealiseMe.com.DefinitionTestSuite" time="69.376" tests="54" errors="0" skipped="0" failures="0">
  <properties>
[...]
</properties>
  <testcase name="Given open landing page" classname="Scenario: Header contains all necessary elements" time="0"/>
  <testcase name="When Click on the login button" classname="Scenario: Header contains all necessary elements" time="0"/>
  <testcase name="When Click on the sign in teacher button" classname="Scenario: Header contains all necessary elements" time="0"/>
  <testcase name="When Enter login &quot;satintest1+teacherSupply@gmail.com&quot;" classname="Scenario: Header contains all necessary elements" time="0"/>
  <testcase name="When Enter password &quot;Test123!&quot;" classname="Scenario: Header contains all necessary elements" time="0.009"/>
  <testcase name="When Click on the Log in button" classname="Scenario: Header contains all necessary elements" time="0"/>
  <testcase name="Then Header contains textbuttons:" classname="Scenario: Header contains all necessary elements" time="0"/>
  <testcase name="Then Header contains bell icon" classname="Scenario: Header contains all necessary elements" time="0"/>
  <testcase name="Then Header contains user photo icon" classname="Scenario: Header contains all necessary elements" time="0"/>
  <testcase name="Then Header contains user name &quot;Severus Snape&quot;" classname="Scenario: Header contains all necessary elements" time="0"/>
  <testcase name="Then Header contains arrow down button" classname="Scenario: Header contains all necessary elements" time="0.001"/>
  <testcase name="When Close window" classname="Scenario: Header contains all necessary elements" time="0"/>
  <testcase name="Scenario: Header contains all necessary elements" classname="Scenario: Header contains all necessary elements" time="0.552"/>
  <testcase name="Given open landing page" classname="Scenario: Logout" time="0"/>
  <testcase name="When Click on the login button" classname="Scenario: Logout" time="0"/>
  <testcase name="When Click on the sign in teacher button" classname="Scenario: Logout" time="0"/>
  <testcase name="When Enter login &quot;satintest1+teacherSupply@gmail.com&quot;" classname="Scenario: Logout" time="0"/>
  <testcase name="When Enter password &quot;Test123!&quot;" classname="Scenario: Logout" time="0"/>
  <testcase name="When Click on the Log in button" classname="Scenario: Logout" time="0"/>
  <testcase name="When Click on the arrow down button" classname="Scenario: Logout" time="0"/>
  <testcase name="When Click on the LOGOUT button" classname="Scenario: Logout" time="0"/>
  <testcase name="Then User is logout" classname="Scenario: Logout" time="0"/>
  <testcase name="When Close window" classname="Scenario: Logout" time="0"/>
  <testcase name="Scenario: Logout" classname="Scenario: Logout" time="0.053"/>
  <testcase name="Given open landing page" classname="Scenario: Left column contains all necessary elements" time="0"/>
  <testcase name="When Click on the login button" classname="Scenario: Left column contains all necessary elements" time="0"/>
  <testcase name="When Click on the sign in teacher button" classname="Scenario: Left column contains all necessary elements" time="0"/>
  <testcase name="When Enter login &quot;satintest1+teacherSupply@gmail.com&quot;" classname="Scenario: Left column contains all necessary elements" time="0"/>
  <testcase name="When Enter password &quot;Test123!&quot;" classname="Scenario: Left column contains all necessary elements" time="0"/>
  <testcase name="When Click on the Log in button" classname="Scenario: Left column contains all necessary elements" time="0"/>
  <testcase name="Then Supply Teacher&apos;s Left panel contains all necessary elements:" classname="Scenario: Left column contains all necessary elements" time="0"/>
  <testcase name="When Close window" classname="Scenario: Left column contains all necessary elements" time="0"/>
  <testcase name="Scenario: Left column contains all necessary elements" classname="Scenario: Left column contains all necessary elements" time="0.041"/>
  <testcase name="Given open landing page" classname="Scenario: Recent Invites table contains all necessary elements" time="0"/>
  <testcase name="When Click on the login button" classname="Scenario: Recent Invites table contains all necessary elements" time="0"/>
  <testcase name="When Click on the sign in teacher button" classname="Scenario: Recent Invites table contains all necessary elements" time="0"/>
  <testcase name="When Enter login &quot;satintest1+teacherSupply@gmail.com&quot;" classname="Scenario: Recent Invites table contains all necessary elements" time="0"/>
  <testcase name="When Enter password &quot;Test123!&quot;" classname="Scenario: Recent Invites table contains all necessary elements" time="0"/>
  <testcase name="When Click on the Log in button" classname="Scenario: Recent Invites table contains all necessary elements" time="0"/>
  <testcase name="Then First table contains &quot;Recent Invites&quot; title" classname="Scenario: Recent Invites table contains all necessary elements" time="0"/>
  <testcase name="Then Table contains &quot;view all&quot; button" classname="Scenario: Recent Invites table contains all necessary elements" time="0"/>
  <testcase name="Then Teacher Supply first Table contains next columns:" classname="Scenario: Recent Invites table contains all necessary elements" time="0"/>
  <testcase name="Then The five lines in the table are displayed" classname="Scenario: Recent Invites table contains all necessary elements" time="0"/>
  <testcase name="Scenario: Recent Invites table contains all necessary elements" classname="Scenario: Recent Invites table contains all necessary elements" time="0.101"/>
  <testcase name="Given open landing page" classname="Scenario: Recent active bookings  table contains all necessary elements" time="0"/>
  <testcase name="When Click on the login button" classname="Scenario: Recent active bookings  table contains all necessary elements" time="0"/>
  <testcase name="When Click on the sign in teacher button" classname="Scenario: Recent active bookings  table contains all necessary elements" time="0"/>
  <testcase name="When Enter login &quot;satintest1+teacherSupply@gmail.com&quot;" classname="Scenario: Recent active bookings  table contains all necessary elements" time="0"/>
  <testcase name="When Enter password &quot;Test123!&quot;" classname="Scenario: Recent active bookings  table contains all necessary elements" time="0"/>
  <testcase name="When Click on the Log in button" classname="Scenario: Recent active bookings  table contains all necessary elements" time="0"/>
  <testcase name="Then Second table contains &quot;Recent active bookings&quot; title" classname="Scenario: Recent active bookings  table contains all necessary elements" time="0"/>
  <testcase name="Then Table contains &quot;view all&quot; button" classname="Scenario: Recent active bookings  table contains all necessary elements" time="0.001"/>
  <testcase name="Then The five lines in the table are displayed" classname="Scenario: Recent active bookings  table contains all necessary elements" time="0"/>
  <testcase name="Scenario: Recent active bookings  table contains all necessary elements" classname="Scenario: Recent active bookings  table contains all necessary elements" time="0.088"/>
</testsuite>