<?xml version="1.0" encoding="UTF-8"?>
<testsuite xmlns:xsi="http://www.w3.org/2001/XMLSchema-instance" xsi:noNamespaceSchemaLocation="https://maven.apache.org/surefire/maven-failsafe-plugin/xsd/failsafe-test-report-3.0.xsd" version="3.0" name="RealiseMe.com.DefinitionTestSuite" time="78.22" tests="31" errors="2" skipped="3" failures="0">
  <properties>
[...]
</properties>
  <testcase name="Given open landing page" classname="Scenario: Create booking with required fields" time="0.001"/>
  <testcase name="When click on the agree button at the banner" classname="Scenario: Create booking with required fields" time="0"/>
  <testcase name="When Click on the login button" classname="Scenario: Create booking with required fields" time="0.002"/>
  <testcase name="When Click on the school &quot;Login as a school&quot; button" classname="Scenario: Create booking with required fields" time="0"/>
  <testcase name="When Enter login &quot;newtestschool2@yopmail.com&quot;" classname="Scenario: Create booking with required fields" time="0"/>
  <testcase name="When Enter password &quot;Test123!&quot;" classname="Scenario: Create booking with required fields" time="0"/>
  <testcase name="When Click on the Log in button" classname="Scenario: Create booking with required fields" time="0"/>
  <testcase name="When Click on the &quot;bookings&quot; button in the header" classname="Scenario: Create booking with required fields" time="0"/>
  <testcase name="When Click on the &quot;New Supply Booking&quot; button" classname="Scenario: Create booking with required fields" time="0"/>
  <testcase name="Then New Supply Booking page contains all necessary text:" classname="Scenario: Create booking with required fields" time="0"/>
  <testcase name="When Click on the &quot;SHOW RESULTS&quot; button" classname="Scenario: Create booking with required fields" time="0"/>
  <testcase name="When Click on the &quot;SHOW RESULTS&quot; button" classname="Scenario: Create booking with required fields" time="0"/>
  <testcase name="Then The &quot;name&quot; field is highlighted red" classname="Scenario: Create booking with required fields" time="0"/>
  <testcase name="When Enter text to the Name your job posting field" classname="Scenario: Create booking with required fields" time="0"/>
  <testcase name="When Enter text to the Describe the job field" classname="Scenario: Create booking with required fields" time="0"/>
  <testcase name="When Choose &quot;Teacher&quot; checkbox" classname="Scenario: Create booking with required fields" time="0"/>
  <testcase name="When Choose &quot;TA&quot; checkbox" classname="Scenario: Create booking with required fields" time="0"/>
  <testcase name="When Choose &quot;I want to save this search for future use&quot; checkbox" classname="Scenario: Create booking with required fields" time="0"/>
  <testcase name="When Choose full day &quot;23&quot; in the &quot;2&quot; month of available calendar" classname="Scenario: Create booking with required fields" time="0"/>
  <testcase name="When Choose half day &quot;15&quot; in the &quot;2&quot; month of available calendar" classname="Scenario: Create booking with required fields" time="0"/>
  <testcase name="When Choose full day start time &quot;8:00&quot;" classname="Scenario: Create booking with required fields" time="0"/>
  <testcase name="When Choose full day end time &quot;17:00&quot;" classname="Scenario: Create booking with required fields" time="0"/>
  <testcase name="When Choose half day start time &quot;11:00&quot;" classname="Scenario: Create booking with required fields" time="0"/>
  <testcase name="When Choose half day end time &quot;15:00&quot;" classname="Scenario: Create booking with required fields" time="0"/>
  <testcase name="When Enter &quot;200&quot; rate" classname="Scenario: Create booking with required fields" time="0"/>
  <testcase name="When Choose &quot;I want to invite top THREE candidates&quot; checkbox" classname="Scenario: Create booking with required fields" time="0"/>
  <testcase name="When Close popup" classname="Scenario: Create booking with required fields" time="0.005">
    <error message="no such element: Unable to locate element: {&quot;method&quot;:&quot;xpath&quot;,&quot;selector&quot;:&quot;//div[contains(@class,&apos;g--active dialog&apos;)]//div[@class=&apos;close&apos;]&quot;}&#10;  (Session info: chrome=71.0.3578.98)&#10;  (Driver info: chromedriver=2.38.552522 (437e6fbedfa8762dec75e2c5b3ddb86763dc9dcb),platform=Linux 4.4.0-141-generic x86_64) (WARNING: The server did not provide any stacktrace information)&#10;Command duration or timeout: 5.03 seconds&#10;For documentation on this error, please visit: http://seleniumhq.org/exceptions/no_such_element.html&#10;Build info: version: &apos;2.53.1&apos;, revision: &apos;a36b8b1cd5757287168e54b817830adce9b0158d&apos;, time: &apos;2016-06-30 19:26:09&apos;&#10;System info: host: &apos;SB-87&apos;, ip: &apos;127.0.1.1&apos;, os.name: &apos;Linux&apos;, os.arch: &apos;amd64&apos;, os.version: &apos;4.4.0-141-generic&apos;, java.version: &apos;1.8.0_102&apos;&#10;Driver info: org.openqa.selenium.chrome.ChromeDriver&#10;Capabilities [{applicationCacheEnabled=false, rotatable=false, mobileEmulationEnabled=false, networkConnectionEnabled=false, chrome={chromedriverVersion=2.38.552522 (437e6fbedfa8762dec75e2c5b3ddb86763dc9dcb), userDataDir=/tmp/.org.chromium.Chromium.KBtqzo}, takesHeapSnapshot=true, pageLoadStrategy=normal, databaseEnabled=false, handlesAlerts=true, hasTouchScreen=false, version=71.0.3578.98, platform=LINUX, browserConnectionEnabled=false, nativeEvents=true, acceptSslCerts=false, acceptInsecureCerts=false, locationContextEnabled=true, webStorageEnabled=true, browserName=chrome, takesScreenshot=true, javascriptEnabled=true, cssSelectorsEnabled=true, setWindowRect=true, unexpectedAlertBehaviour=}]&#10;Session ID: ae096cbf2895091fff82786c42320646&#10;*** Element info: {Using=xpath, value=//div[contains(@class,&apos;g--active dialog&apos;)]//div[@class=&apos;close&apos;]}" type="net.serenitybdd.core.exceptions.SerenityManagedException">net.serenitybdd.core.exceptions.SerenityManagedException: 
no such element: Unable to locate element: {"method":"xpath","selector":"//div[contains(@class,'g--active dialog')]//div[@class='close']"}
  (Session info: chrome=71.0.3578.98)
  (Driver info: chromedriver=2.38.552522 (437e6fbedfa8762dec75e2c5b3ddb86763dc9dcb),platform=Linux 4.4.0-141-generic x86_64) (WARNING: The server did not provide any stacktrace information)
Command duration or timeout: 5.03 seconds
For documentation on this error, please visit: http://seleniumhq.org/exceptions/no_such_element.html
Build info: version: '2.53.1', revision: 'a36b8b1cd5757287168e54b817830adce9b0158d', time: '2016-06-30 19:26:09'
System info: host: 'SB-87', ip: '127.0.1.1', os.name: 'Linux', os.arch: 'amd64', os.version: '4.4.0-141-generic', java.version: '1.8.0_102'
Driver info: org.openqa.selenium.chrome.ChromeDriver
Capabilities [{applicationCacheEnabled=false, rotatable=false, mobileEmulationEnabled=false, networkConnectionEnabled=false, chrome={chromedriverVersion=2.38.552522 (437e6fbedfa8762dec75e2c5b3ddb86763dc9dcb), userDataDir=/tmp/.org.chromium.Chromium.KBtqzo}, takesHeapSnapshot=true, pageLoadStrategy=normal, databaseEnabled=false, handlesAlerts=true, hasTouchScreen=false, version=71.0.3578.98, platform=LINUX, browserConnectionEnabled=false, nativeEvents=true, acceptSslCerts=false, acceptInsecureCerts=false, locationContextEnabled=true, webStorageEnabled=true, browserName=chrome, takesScreenshot=true, javascriptEnabled=true, cssSelectorsEnabled=true, setWindowRect=true, unexpectedAlertBehaviour=}]
Session ID: ae096cbf2895091fff82786c42320646
*** Element info: {Using=xpath, value=//div[contains(@class,'g--active dialog')]//div[@class='close']}
</error>
  </testcase>
  <testcase name="Scenario: Create booking with required fields" classname="Scenario: Create booking with required fields" time="0.006">
    <error message="no such element: Unable to locate element: {&quot;method&quot;:&quot;xpath&quot;,&quot;selector&quot;:&quot;//div[contains(@class,&apos;g--active dialog&apos;)]//div[@class=&apos;close&apos;]&quot;}&#10;  (Session info: chrome=71.0.3578.98)&#10;  (Driver info: chromedriver=2.38.552522 (437e6fbedfa8762dec75e2c5b3ddb86763dc9dcb),platform=Linux 4.4.0-141-generic x86_64) (WARNING: The server did not provide any stacktrace information)&#10;Command duration or timeout: 5.03 seconds&#10;For documentation on this error, please visit: http://seleniumhq.org/exceptions/no_such_element.html&#10;Build info: version: &apos;2.53.1&apos;, revision: &apos;a36b8b1cd5757287168e54b817830adce9b0158d&apos;, time: &apos;2016-06-30 19:26:09&apos;&#10;System info: host: &apos;SB-87&apos;, ip: &apos;127.0.1.1&apos;, os.name: &apos;Linux&apos;, os.arch: &apos;amd64&apos;, os.version: &apos;4.4.0-141-generic&apos;, java.version: &apos;1.8.0_102&apos;&#10;Driver info: org.openqa.selenium.chrome.ChromeDriver&#10;Capabilities [{applicationCacheEnabled=false, rotatable=false, mobileEmulationEnabled=false, networkConnectionEnabled=false, chrome={chromedriverVersion=2.38.552522 (437e6fbedfa8762dec75e2c5b3ddb86763dc9dcb), userDataDir=/tmp/.org.chromium.Chromium.KBtqzo}, takesHeapSnapshot=true, pageLoadStrategy=normal, databaseEnabled=false, handlesAlerts=true, hasTouchScreen=false, version=71.0.3578.98, platform=LINUX, browserConnectionEnabled=false, nativeEvents=true, acceptSslCerts=false, acceptInsecureCerts=false, locationContextEnabled=true, webStorageEnabled=true, browserName=chrome, takesScreenshot=true, javascriptEnabled=true, cssSelectorsEnabled=true, setWindowRect=true, unexpectedAlertBehaviour=}]&#10;Session ID: ae096cbf2895091fff82786c42320646&#10;*** Element info: {Using=xpath, value=//div[contains(@class,&apos;g--active dialog&apos;)]//div[@class=&apos;close&apos;]}" type="net.serenitybdd.core.exceptions.SerenityManagedException">net.serenitybdd.core.exceptions.SerenityManagedException: 
no such element: Unable to locate element: {"method":"xpath","selector":"//div[contains(@class,'g--active dialog')]//div[@class='close']"}
  (Session info: chrome=71.0.3578.98)
  (Driver info: chromedriver=2.38.552522 (437e6fbedfa8762dec75e2c5b3ddb86763dc9dcb),platform=Linux 4.4.0-141-generic x86_64) (WARNING: The server did not provide any stacktrace information)
Command duration or timeout: 5.03 seconds
For documentation on this error, please visit: http://seleniumhq.org/exceptions/no_such_element.html
Build info: version: '2.53.1', revision: 'a36b8b1cd5757287168e54b817830adce9b0158d', time: '2016-06-30 19:26:09'
System info: host: 'SB-87', ip: '127.0.1.1', os.name: 'Linux', os.arch: 'amd64', os.version: '4.4.0-141-generic', java.version: '1.8.0_102'
Driver info: org.openqa.selenium.chrome.ChromeDriver
Capabilities [{applicationCacheEnabled=false, rotatable=false, mobileEmulationEnabled=false, networkConnectionEnabled=false, chrome={chromedriverVersion=2.38.552522 (437e6fbedfa8762dec75e2c5b3ddb86763dc9dcb), userDataDir=/tmp/.org.chromium.Chromium.KBtqzo}, takesHeapSnapshot=true, pageLoadStrategy=normal, databaseEnabled=false, handlesAlerts=true, hasTouchScreen=false, version=71.0.3578.98, platform=LINUX, browserConnectionEnabled=false, nativeEvents=true, acceptSslCerts=false, acceptInsecureCerts=false, locationContextEnabled=true, webStorageEnabled=true, browserName=chrome, takesScreenshot=true, javascriptEnabled=true, cssSelectorsEnabled=true, setWindowRect=true, unexpectedAlertBehaviour=}]
Session ID: ae096cbf2895091fff82786c42320646
*** Element info: {Using=xpath, value=//div[contains(@class,'g--active dialog')]//div[@class='close']}
</error>
  </testcase>
  <testcase name="When Click on the &quot;SEND&quot; button" classname="Scenario: Create booking with required fields" time="0">
    <skipped/>
  </testcase>
  <testcase name="When Click on the &quot;View all invites&quot; button" classname="Scenario: Create booking with required fields" time="0">
    <skipped/>
  </testcase>
  <testcase name="When wait time" classname="Scenario: Create booking with required fields" time="0">
    <skipped/>
  </testcase>
</testsuite>