<?xml version="1.0" encoding="UTF-8"?>
<testsuite xmlns:xsi="http://www.w3.org/2001/XMLSchema-instance" xsi:schemaLocation="https://maven.apache.org/surefire/maven-surefire-plugin/xsd/surefire-test-report.xsd" name="RealiseMe.com.DefinitionTestSuite" time="491.102" tests="136" errors="6" skipped="0" failures="0">
  <properties>
[...]
</properties>
  <testcase name="Given open landing page" classname="Scenario: Check required fields at the create booking step" time="0.001"/>
  <testcase name="When click on the agree button at the banner" classname="Scenario: Check required fields at the create booking step" time="0"/>
  <testcase name="When Click on the login button" classname="Scenario: Check required fields at the create booking step" time="0"/>
  <testcase name="When Click on the school &quot;Login as a school&quot; button" classname="Scenario: Check required fields at the create booking step" time="0"/>
  <testcase name="When Enter login &quot;newuatschool28@yopmail.com&quot;" classname="Scenario: Check required fields at the create booking step" time="0"/>
  <testcase name="When Enter password &quot;Test123!&quot;" classname="Scenario: Check required fields at the create booking step" time="0"/>
  <testcase name="When Click on the Log in button" classname="Scenario: Check required fields at the create booking step" time="0"/>
  <testcase name="When Click on the &quot;bookings&quot; button in the header" classname="Scenario: Check required fields at the create booking step" time="0"/>
  <testcase name="When Click on the &quot;New Supply Booking&quot; button" classname="Scenario: Check required fields at the create booking step" time="0"/>
  <testcase name="Then New Supply Booking page contains all necessary text:" classname="Scenario: Check required fields at the create booking step" time="0.001"/>
  <testcase name="When Click on the &quot;SHOW RESULTS&quot; button" classname="Scenario: Check required fields at the create booking step" time="0"/>
  <testcase name="Then The &quot;name&quot; field is highlighted red" classname="Scenario: Check required fields at the create booking step" time="0"/>
  <testcase name="Scenario: Check required fields at the create booking step" classname="Scenario: Check required fields at the create booking step" time="1.078"/>
  <testcase name="Given open landing page" classname="Scenario: Create booking for UNCLEARED teacher" time="0"/>
  <testcase name="When click on the agree button at the banner" classname="Scenario: Create booking for UNCLEARED teacher" time="0"/>
  <testcase name="When Click on the login button" classname="Scenario: Create booking for UNCLEARED teacher" time="0"/>
  <testcase name="When Click on the school &quot;Login as a school&quot; button" classname="Scenario: Create booking for UNCLEARED teacher" time="0"/>
  <testcase name="When Enter login &quot;newuatschool28@yopmail.com&quot;" classname="Scenario: Create booking for UNCLEARED teacher" time="0"/>
  <testcase name="When Enter password &quot;Test123!&quot;" classname="Scenario: Create booking for UNCLEARED teacher" time="0"/>
  <testcase name="When Click on the Log in button" classname="Scenario: Create booking for UNCLEARED teacher" time="0"/>
  <testcase name="When Click on the &quot;bookings&quot; button in the header" classname="Scenario: Create booking for UNCLEARED teacher" time="0"/>
  <testcase name="When Click on the &quot;New Supply Booking&quot; button" classname="Scenario: Create booking for UNCLEARED teacher" time="0"/>
  <testcase name="When Enter &quot;Booking for uncleared teacher&quot; to the Name your job posting field" classname="Scenario: Create booking for UNCLEARED teacher" time="0"/>
  <testcase name="When Enter &quot;Booking Description&quot; to the Describe the job field" classname="Scenario: Create booking for UNCLEARED teacher" time="0"/>
  <testcase name="When Choose &quot;Teacher&quot; checkbox" classname="Scenario: Create booking for UNCLEARED teacher" time="0"/>
  <testcase name="When Choose &quot;TA&quot; checkbox" classname="Scenario: Create booking for UNCLEARED teacher" time="0"/>
  <testcase name="When Choose &quot;I want to save this search for future use&quot; checkbox" classname="Scenario: Create booking for UNCLEARED teacher" time="0"/>
  <testcase name="When Choose full day &quot;23&quot; in the &quot;2&quot; month of available calendar" classname="Scenario: Create booking for UNCLEARED teacher" time="0"/>
  <testcase name="When Choose half day &quot;25&quot; in the &quot;2&quot; month of available calendar" classname="Scenario: Create booking for UNCLEARED teacher" time="0"/>
  <testcase name="When Choose full day start time &quot;8:00&quot;" classname="Scenario: Create booking for UNCLEARED teacher" time="0"/>
  <testcase name="When Choose full day end time &quot;17:00&quot;" classname="Scenario: Create booking for UNCLEARED teacher" time="0"/>
  <testcase name="When Choose half day start time &quot;11:00&quot;" classname="Scenario: Create booking for UNCLEARED teacher" time="0"/>
  <testcase name="When Choose half day end time &quot;15:00&quot;" classname="Scenario: Create booking for UNCLEARED teacher" time="0"/>
  <testcase name="When Enter &quot;200&quot; rate" classname="Scenario: Create booking for UNCLEARED teacher" time="0"/>
  <testcase name="When Click on the &quot;SHOW RESULTS&quot; button" classname="Scenario: Create booking for UNCLEARED teacher" time="0"/>
  <testcase name="When Click on the Invite to job button at the teacher with &quot;uncleared&quot; status" classname="Scenario: Create booking for UNCLEARED teacher" time="0"/>
  <testcase name="When Click on the &quot;Review Invitations&quot; button" classname="Scenario: Create booking for UNCLEARED teacher" time="0"/>
  <testcase name="Then Check uncleared popup &quot;You have selected a teacher that has not yet completed clearance. They will not be able to accept this booking until they are fully cleared.&quot;" classname="Scenario: Create booking for UNCLEARED teacher" time="0"/>
  <testcase name="When Close popup" classname="Scenario: Create booking for UNCLEARED teacher" time="0"/>
  <testcase name="When Click on the &quot;SEND&quot; button" classname="Scenario: Create booking for UNCLEARED teacher" time="0"/>
  <testcase name="When Get names of teachers" classname="Scenario: Create booking for UNCLEARED teacher" time="0"/>
  <testcase name="When Click on the &quot;View all invites&quot; button" classname="Scenario: Create booking for UNCLEARED teacher" time="0"/>
  <testcase name="Then Appropriate teachers are displayed in the invites list" classname="Scenario: Create booking for UNCLEARED teacher" time="0.007">
    <error message="Index: 1, Size: 0" type="java.lang.IndexOutOfBoundsException">java.lang.IndexOutOfBoundsException: Index: 1, Size: 0
</error>
  </testcase>
  <testcase name="Scenario: Create booking for UNCLEARED teacher" classname="Scenario: Create booking for UNCLEARED teacher" time="0.01">
    <error message="Index: 1, Size: 0" type="java.lang.IndexOutOfBoundsException">java.lang.IndexOutOfBoundsException: Index: 1, Size: 0
</error>
  </testcase>
  <testcase name="Given open landing page" classname="Scenario: Create booking for PENDING teacher" time="0"/>
  <testcase name="When click on the agree button at the banner" classname="Scenario: Create booking for PENDING teacher" time="0"/>
  <testcase name="When Click on the login button" classname="Scenario: Create booking for PENDING teacher" time="0"/>
  <testcase name="When Click on the school &quot;Login as a school&quot; button" classname="Scenario: Create booking for PENDING teacher" time="0"/>
  <testcase name="When Enter login &quot;newuatschool28@yopmail.com&quot;" classname="Scenario: Create booking for PENDING teacher" time="0"/>
  <testcase name="When Enter password &quot;Test123!&quot;" classname="Scenario: Create booking for PENDING teacher" time="0"/>
  <testcase name="When Click on the Log in button" classname="Scenario: Create booking for PENDING teacher" time="0"/>
  <testcase name="When Click on the &quot;bookings&quot; button in the header" classname="Scenario: Create booking for PENDING teacher" time="0"/>
  <testcase name="When Click on the &quot;New Supply Booking&quot; button" classname="Scenario: Create booking for PENDING teacher" time="0"/>
  <testcase name="When Enter &quot;Booking for pending teacher&quot; to the Name your job posting field" classname="Scenario: Create booking for PENDING teacher" time="0"/>
  <testcase name="When Enter &quot;Booking Description&quot; to the Describe the job field" classname="Scenario: Create booking for PENDING teacher" time="0.001"/>
  <testcase name="When Choose &quot;Teacher&quot; checkbox" classname="Scenario: Create booking for PENDING teacher" time="0"/>
  <testcase name="When Choose &quot;TA&quot; checkbox" classname="Scenario: Create booking for PENDING teacher" time="0"/>
  <testcase name="When Choose &quot;I want to save this search for future use&quot; checkbox" classname="Scenario: Create booking for PENDING teacher" time="0"/>
  <testcase name="When Choose full day &quot;23&quot; in the &quot;2&quot; month of available calendar" classname="Scenario: Create booking for PENDING teacher" time="0"/>
  <testcase name="When Choose half day &quot;25&quot; in the &quot;2&quot; month of available calendar" classname="Scenario: Create booking for PENDING teacher" time="0"/>
  <testcase name="When Choose full day start time &quot;8:00&quot;" classname="Scenario: Create booking for PENDING teacher" time="0"/>
  <testcase name="When Choose full day end time &quot;17:00&quot;" classname="Scenario: Create booking for PENDING teacher" time="0"/>
  <testcase name="When Choose half day start time &quot;11:00&quot;" classname="Scenario: Create booking for PENDING teacher" time="0"/>
  <testcase name="When Choose half day end time &quot;15:00&quot;" classname="Scenario: Create booking for PENDING teacher" time="0"/>
  <testcase name="When Enter &quot;123.456&quot; rate" classname="Scenario: Create booking for PENDING teacher" time="0"/>
  <testcase name="When Click on the &quot;SHOW RESULTS&quot; button" classname="Scenario: Create booking for PENDING teacher" time="0"/>
  <testcase name="When Click on the Invite to job button at the teacher with &quot;pending&quot; status" classname="Scenario: Create booking for PENDING teacher" time="0"/>
  <testcase name="When Click on the &quot;Review Invitations&quot; button" classname="Scenario: Create booking for PENDING teacher" time="0"/>
  <testcase name="When Click on the &quot;SEND&quot; button" classname="Scenario: Create booking for PENDING teacher" time="0"/>
  <testcase name="Then Check penging popup &quot;You have selected a teacher whose DBS clearance is still pending. Before continuing, you will need to agree to our clearance waiver.&quot;" classname="Scenario: Create booking for PENDING teacher" time="0"/>
  <testcase name="Then The OK button isn&apos;t clickable" classname="Scenario: Create booking for PENDING teacher" time="0"/>
  <testcase name="When Choose &quot;Agree to waiver and continue&quot; checkbox" classname="Scenario: Create booking for PENDING teacher" time="0"/>
  <testcase name="When Click on the &quot;Ok&quot; button" classname="Scenario: Create booking for PENDING teacher" time="0"/>
  <testcase name="When Get names of teachers" classname="Scenario: Create booking for PENDING teacher" time="0"/>
  <testcase name="When Click on the &quot;View all invites&quot; button" classname="Scenario: Create booking for PENDING teacher" time="0"/>
  <testcase name="Then Appropriate teachers are displayed in the invites list" classname="Scenario: Create booking for PENDING teacher" time="0">
    <error message="Index: 1, Size: 0" type="java.lang.IndexOutOfBoundsException">java.lang.IndexOutOfBoundsException: Index: 1, Size: 0
</error>
  </testcase>
  <testcase name="Scenario: Create booking for PENDING teacher" classname="Scenario: Create booking for PENDING teacher" time="0">
    <error message="Index: 1, Size: 0" type="java.lang.IndexOutOfBoundsException">java.lang.IndexOutOfBoundsException: Index: 1, Size: 0
</error>
  </testcase>
  <testcase name="Given open landing page" classname="Scenario: Create booking for CLEARED teacher" time="0"/>
  <testcase name="When click on the agree button at the banner" classname="Scenario: Create booking for CLEARED teacher" time="0"/>
  <testcase name="When Click on the login button" classname="Scenario: Create booking for CLEARED teacher" time="0"/>
  <testcase name="When Click on the school &quot;Login as a school&quot; button" classname="Scenario: Create booking for CLEARED teacher" time="0"/>
  <testcase name="When Enter login &quot;newuatschool28@yopmail.com&quot;" classname="Scenario: Create booking for CLEARED teacher" time="0"/>
  <testcase name="When Enter password &quot;Test123!&quot;" classname="Scenario: Create booking for CLEARED teacher" time="0"/>
  <testcase name="When Click on the Log in button" classname="Scenario: Create booking for CLEARED teacher" time="0"/>
  <testcase name="When Click on the &quot;bookings&quot; button in the header" classname="Scenario: Create booking for CLEARED teacher" time="0"/>
  <testcase name="When Click on the &quot;New Supply Booking&quot; button" classname="Scenario: Create booking for CLEARED teacher" time="0"/>
  <testcase name="When Enter &quot;Booking for cleared teacher&quot; to the Name your job posting field" classname="Scenario: Create booking for CLEARED teacher" time="0"/>
  <testcase name="When Enter &quot;Booking Description&quot; to the Describe the job field" classname="Scenario: Create booking for CLEARED teacher" time="0"/>
  <testcase name="When Choose &quot;Teacher&quot; checkbox" classname="Scenario: Create booking for CLEARED teacher" time="0"/>
  <testcase name="When Choose &quot;TA&quot; checkbox" classname="Scenario: Create booking for CLEARED teacher" time="0"/>
  <testcase name="When Choose &quot;I want to save this search for future use&quot; checkbox" classname="Scenario: Create booking for CLEARED teacher" time="0"/>
  <testcase name="When Choose full day &quot;23&quot; in the &quot;2&quot; month of available calendar" classname="Scenario: Create booking for CLEARED teacher" time="0"/>
  <testcase name="When Choose half day &quot;25&quot; in the &quot;2&quot; month of available calendar" classname="Scenario: Create booking for CLEARED teacher" time="0"/>
  <testcase name="When Choose full day start time &quot;8:00&quot;" classname="Scenario: Create booking for CLEARED teacher" time="0"/>
  <testcase name="When Choose full day end time &quot;17:00&quot;" classname="Scenario: Create booking for CLEARED teacher" time="0"/>
  <testcase name="When Choose half day start time &quot;11:00&quot;" classname="Scenario: Create booking for CLEARED teacher" time="0"/>
  <testcase name="When Choose half day end time &quot;15:00&quot;" classname="Scenario: Create booking for CLEARED teacher" time="0"/>
  <testcase name="When Enter &quot;123.456&quot; rate" classname="Scenario: Create booking for CLEARED teacher" time="0"/>
  <testcase name="When Click on the &quot;SHOW RESULTS&quot; button" classname="Scenario: Create booking for CLEARED teacher" time="0"/>
  <testcase name="When Click on the Invite to job button at the teacher with &quot;cleared&quot; status" classname="Scenario: Create booking for CLEARED teacher" time="0"/>
  <testcase name="When Click on the &quot;Review Invitations&quot; button" classname="Scenario: Create booking for CLEARED teacher" time="0"/>
  <testcase name="When Click on the &quot;SEND&quot; button" classname="Scenario: Create booking for CLEARED teacher" time="0"/>
  <testcase name="When Get names of teachers" classname="Scenario: Create booking for CLEARED teacher" time="0"/>
  <testcase name="When Click on the &quot;View all invites&quot; button" classname="Scenario: Create booking for CLEARED teacher" time="0"/>
  <testcase name="Then Appropriate teachers are displayed in the invites list" classname="Scenario: Create booking for CLEARED teacher" time="0">
    <error message="Index: 1, Size: 0" type="java.lang.IndexOutOfBoundsException">java.lang.IndexOutOfBoundsException: Index: 1, Size: 0
</error>
  </testcase>
  <testcase name="Scenario: Create booking for CLEARED teacher" classname="Scenario: Create booking for CLEARED teacher" time="0">
    <error message="Index: 1, Size: 0" type="java.lang.IndexOutOfBoundsException">java.lang.IndexOutOfBoundsException: Index: 1, Size: 0
</error>
  </testcase>
  <testcase name="Given open landing page" classname="Scenario: Create booking for first three teachers in the search result list" time="0"/>
  <testcase name="When click on the agree button at the banner" classname="Scenario: Create booking for first three teachers in the search result list" time="0"/>
  <testcase name="When Click on the login button" classname="Scenario: Create booking for first three teachers in the search result list" time="0"/>
  <testcase name="When Click on the school &quot;Login as a school&quot; button" classname="Scenario: Create booking for first three teachers in the search result list" time="0"/>
  <testcase name="When Enter login &quot;newuatschool28@yopmail.com&quot;" classname="Scenario: Create booking for first three teachers in the search result list" time="0"/>
  <testcase name="When Enter password &quot;Test123!&quot;" classname="Scenario: Create booking for first three teachers in the search result list" time="0"/>
  <testcase name="When Click on the Log in button" classname="Scenario: Create booking for first three teachers in the search result list" time="0"/>
  <testcase name="When Click on the &quot;bookings&quot; button in the header" classname="Scenario: Create booking for first three teachers in the search result list" time="0"/>
  <testcase name="When Click on the &quot;New Supply Booking&quot; button" classname="Scenario: Create booking for first three teachers in the search result list" time="0"/>
  <testcase name="When Enter &quot;Booking for first three teachers in the search result list&quot; to the Name your job posting field" classname="Scenario: Create booking for first three teachers in the search result list" time="0.001"/>
  <testcase name="When Enter &quot;Booking Description&quot; to the Describe the job field" classname="Scenario: Create booking for first three teachers in the search result list" time="0"/>
  <testcase name="When Choose &quot;Teacher&quot; checkbox" classname="Scenario: Create booking for first three teachers in the search result list" time="0"/>
  <testcase name="When Choose &quot;TA&quot; checkbox" classname="Scenario: Create booking for first three teachers in the search result list" time="0"/>
  <testcase name="When Choose &quot;I want to save this search for future use&quot; checkbox" classname="Scenario: Create booking for first three teachers in the search result list" time="0"/>
  <testcase name="When Choose full day &quot;23&quot; in the &quot;2&quot; month of available calendar" classname="Scenario: Create booking for first three teachers in the search result list" time="0"/>
  <testcase name="When Choose half day &quot;25&quot; in the &quot;2&quot; month of available calendar" classname="Scenario: Create booking for first three teachers in the search result list" time="0"/>
  <testcase name="When Choose full day start time &quot;8:00&quot;" classname="Scenario: Create booking for first three teachers in the search result list" time="0"/>
  <testcase name="When Choose full day end time &quot;17:00&quot;" classname="Scenario: Create booking for first three teachers in the search result list" time="0"/>
  <testcase name="When Choose half day start time &quot;11:00&quot;" classname="Scenario: Create booking for first three teachers in the search result list" time="0"/>
  <testcase name="When Choose half day end time &quot;15:00&quot;" classname="Scenario: Create booking for first three teachers in the search result list" time="0"/>
  <testcase name="When Enter &quot;200&quot; rate" classname="Scenario: Create booking for first three teachers in the search result list" time="0"/>
  <testcase name="When Click on the &quot;SHOW RESULTS&quot; button" classname="Scenario: Create booking for first three teachers in the search result list" time="0"/>
  <testcase name="When Choose &quot;I want to invite top THREE candidates&quot; checkbox" classname="Scenario: Create booking for first three teachers in the search result list" time="0"/>
  <testcase name="When Click on the &quot;Review Invitations&quot; button" classname="Scenario: Create booking for first three teachers in the search result list" time="0"/>
  <testcase name="When Check popups depending of teacher&apos;s status and click on the &quot;SEND&quot; button" classname="Scenario: Create booking for first three teachers in the search result list" time="0"/>
  <testcase name="When Get names of teachers" classname="Scenario: Create booking for first three teachers in the search result list" time="0"/>
  <testcase name="When Click on the &quot;View all invites&quot; button" classname="Scenario: Create booking for first three teachers in the search result list" time="0"/>
  <testcase name="Then Appropriate teachers are displayed in the invites list" classname="Scenario: Create booking for first three teachers in the search result list" time="0"/>
  <testcase name="When wait time" classname="Scenario: Create booking for first three teachers in the search result list" time="0"/>
  <testcase name="Scenario: Create booking for first three teachers in the search result list" classname="Scenario: Create booking for first three teachers in the search result list" time="0.156"/>
</testsuite>