<?xml version="1.0" encoding="UTF-8"?>
<testsuite xmlns:xsi="http://www.w3.org/2001/XMLSchema-instance" xsi:noNamespaceSchemaLocation="https://maven.apache.org/surefire/maven-failsafe-plugin/xsd/failsafe-test-report-3.0.xsd" version="3.0" name="RealiseMe.com.DefinitionTestSuite" time="762.878" tests="93" errors="0" skipped="0" failures="0">
  <properties>
[...]
</properties>
  <testcase name="Given open landing page" classname="Scenario: Create booking for agency" time="0.003"/>
  <testcase name="When click on the agree button at the banner" classname="Scenario: Create booking for agency" time="0"/>
  <testcase name="When Click on the login button" classname="Scenario: Create booking for agency" time="0"/>
  <testcase name="When Click on the &quot;Login as a school&quot; button" classname="Scenario: Create booking for agency" time="0"/>
  <testcase name="When Enter login &quot;newuatschool28@yopmail.com&quot;" classname="Scenario: Create booking for agency" time="0"/>
  <testcase name="When Enter password &quot;Test123!&quot;" classname="Scenario: Create booking for agency" time="0"/>
  <testcase name="When Click on the Log in button" classname="Scenario: Create booking for agency" time="0"/>
  <testcase name="When Click on the &quot;bookings&quot; button in the header" classname="Scenario: Create booking for agency" time="0"/>
  <testcase name="When Click on the &quot;New Supply Booking&quot; button" classname="Scenario: Create booking for agency" time="0"/>
  <testcase name="When Enter &quot;Booking for agency&quot; to the Name your job posting field" classname="Scenario: Create booking for agency" time="0"/>
  <testcase name="When Enter &quot;Booking Description&quot; to the Describe the job field" classname="Scenario: Create booking for agency" time="0.006"/>
  <testcase name="When Choose &quot;Teacher&quot; checkbox" classname="Scenario: Create booking for agency" time="0"/>
  <testcase name="When Choose &quot;TA&quot; checkbox" classname="Scenario: Create booking for agency" time="0"/>
  <testcase name="When Choose &quot;Select day(s) and half day(s)&quot; checkbox" classname="Scenario: Create booking for agency" time="0"/>
  <testcase name="When Choose full day &quot;24&quot; in the &quot;2&quot; month of available calendar" classname="Scenario: Create booking for agency" time="0"/>
  <testcase name="When Choose half day &quot;25&quot; in the &quot;2&quot; month of available calendar" classname="Scenario: Create booking for agency" time="0"/>
  <testcase name="When Choose full day start time &quot;8:00&quot;" classname="Scenario: Create booking for agency" time="0"/>
  <testcase name="When Choose full day end time &quot;17:00&quot;" classname="Scenario: Create booking for agency" time="0"/>
  <testcase name="When Choose half day start time &quot;11:00&quot;" classname="Scenario: Create booking for agency" time="0"/>
  <testcase name="When Choose half day end time &quot;15:00&quot;" classname="Scenario: Create booking for agency" time="0"/>
  <testcase name="When Click on the &quot;SHOW RESULTS&quot; button" classname="Scenario: Create booking for agency" time="0"/>
  <testcase name="When Click on the &quot;AGENCIES&quot; button" classname="Scenario: Create booking for agency" time="0.001"/>
  <testcase name="When Click on the Invite to job button at the teacher with &quot;AGENCY 18&quot; name" classname="Scenario: Create booking for agency" time="0"/>
  <testcase name="When Click on the &quot;Review Invitations&quot; button" classname="Scenario: Create booking for agency" time="0"/>
  <testcase name="When Click on the &quot;SEND&quot; button" classname="Scenario: Create booking for agency" time="0"/>
  <testcase name="When Click on the &quot;SEND&quot; button" classname="Scenario: Create booking for agency" time="0"/>
  <testcase name="When Click on the &quot;REVIEW INVITATIONS&quot; button" classname="Scenario: Create booking for agency" time="0"/>
  <testcase name="When Get names of teachers" classname="Scenario: Create booking for agency" time="0"/>
  <testcase name="When Click on the &quot;View all invites&quot; button" classname="Scenario: Create booking for agency" time="0"/>
  <testcase name="Scenario: Create booking for agency" classname="Scenario: Create booking for agency" time="0.597"/>
  <testcase name="Given open landing page" classname="Scenario: Accept booking as agency" time="0"/>
  <testcase name="When click on the agree button at the banner" classname="Scenario: Accept booking as agency" time="0"/>
  <testcase name="When Click on the login button" classname="Scenario: Accept booking as agency" time="0"/>
  <testcase name="When Click on the &quot;Login as an agency&quot; button" classname="Scenario: Accept booking as agency" time="0"/>
  <testcase name="When Enter login &quot;newagencyuat18@yopmail.com&quot;" classname="Scenario: Accept booking as agency" time="0"/>
  <testcase name="When Enter password &quot;Test123!&quot;" classname="Scenario: Accept booking as agency" time="0"/>
  <testcase name="When Click on the Log in button" classname="Scenario: Accept booking as agency" time="0"/>
  <testcase name="When Click on the &quot;bookings&quot; button in the header" classname="Scenario: Accept booking as agency" time="0"/>
  <testcase name="When Find invite with &quot;Booking for agency&quot; job title" classname="Scenario: Accept booking as agency" time="0"/>
  <testcase name="When Click on the &quot;accept&quot; button of the appropriate booking" classname="Scenario: Accept booking as agency" time="0"/>
  <testcase name="When Fill required fields" classname="Scenario: Accept booking as agency" time="0"/>
  <testcase name="When Upload &quot;Candidate Clearance Summary.pdf&quot; file" classname="Scenario: Accept booking as agency" time="0"/>
  <testcase name="When Choose &quot;I confirm that this teacher is fully cleared with DBS.&quot; checkbox" classname="Scenario: Accept booking as agency" time="0"/>
  <testcase name="When Choose &quot;I agree to RealiseMe&quot; policy checkbox" classname="Scenario: Accept booking as agency" time="0"/>
  <testcase name="When Click on the &quot;CONFIRM JOB&quot; button" classname="Scenario: Accept booking as agency" time="0"/>
  <testcase name="When wait time" classname="Scenario: Accept booking as agency" time="0"/>
  <testcase name="Scenario: Accept booking as agency" classname="Scenario: Accept booking as agency" time="0.147"/>
  <testcase name="Given open landing page" classname="Scenario: Approve booking as school" time="0"/>
  <testcase name="When click on the agree button at the banner" classname="Scenario: Approve booking as school" time="0"/>
  <testcase name="When Click on the login button" classname="Scenario: Approve booking as school" time="0"/>
  <testcase name="When Click on the &quot;Login as a school&quot; button" classname="Scenario: Approve booking as school" time="0"/>
  <testcase name="When Enter login &quot;newuatschool28@yopmail.com&quot;" classname="Scenario: Approve booking as school" time="0"/>
  <testcase name="When Enter password &quot;Test123!&quot;" classname="Scenario: Approve booking as school" time="0"/>
  <testcase name="When Click on the Log in button" classname="Scenario: Approve booking as school" time="0"/>
  <testcase name="When Click on the &quot;bookings&quot; button in the header" classname="Scenario: Approve booking as school" time="0"/>
  <testcase name="When Find accepted invite with &quot;Booking for agency&quot; job title" classname="Scenario: Approve booking as school" time="0"/>
  <testcase name="Then Entered &quot;Supply staff name&quot; teacher name is displayed" classname="Scenario: Approve booking as school" time="0"/>
  <testcase name="Then Attached &quot;Candidate Clearance Summary.pdf&quot; file is displayed" classname="Scenario: Approve booking as school" time="0"/>
  <testcase name="Then The &quot;162.27&quot; rate is displayed" classname="Scenario: Approve booking as school" time="0"/>
  <testcase name="When Approve appropriate booking" classname="Scenario: Approve booking as school" time="0.001"/>
  <testcase name="When wait time" classname="Scenario: Approve booking as school" time="0"/>
  <testcase name="Scenario: Approve booking as school" classname="Scenario: Approve booking as school" time="0.173"/>
  <testcase name="Given open landing page" classname="Scenario: Accept booking as agency and Decline booking as school" time="0.003"/>
  <testcase name="When click on the agree button at the banner" classname="Scenario: Accept booking as agency and Decline booking as school" time="0"/>
  <testcase name="When Click on the login button" classname="Scenario: Accept booking as agency and Decline booking as school" time="0"/>
  <testcase name="When Click on the login button" classname="Scenario: Accept booking as agency and Decline booking as school" time="0"/>
  <testcase name="When Click on the &quot;Login as an agency&quot; button" classname="Scenario: Accept booking as agency and Decline booking as school" time="0"/>
  <testcase name="When Enter login &quot;newagencyuat18@yopmail.com&quot;" classname="Scenario: Accept booking as agency and Decline booking as school" time="0"/>
  <testcase name="When Enter password &quot;Test123!&quot;" classname="Scenario: Accept booking as agency and Decline booking as school" time="0"/>
  <testcase name="When Enter password &quot;Test123!&quot;" classname="Scenario: Accept booking as agency and Decline booking as school" time="0"/>
  <testcase name="When Click on the Log in button" classname="Scenario: Accept booking as agency and Decline booking as school" time="0.001"/>
  <testcase name="When Click on the Log in button" classname="Scenario: Accept booking as agency and Decline booking as school" time="0"/>
  <testcase name="When Click on the &quot;bookings&quot; button in the header" classname="Scenario: Accept booking as agency and Decline booking as school" time="0"/>
  <testcase name="When Click on the &quot;bookings&quot; button in the header" classname="Scenario: Accept booking as agency and Decline booking as school" time="0.003"/>
  <testcase name="When Find invite with &quot;Booking for agency&quot; job title" classname="Scenario: Accept booking as agency and Decline booking as school" time="0"/>
  <testcase name="When Click on the &quot;accept&quot; button of the appropriate booking" classname="Scenario: Accept booking as agency and Decline booking as school" time="0"/>
  <testcase name="When Fill required fields" classname="Scenario: Accept booking as agency and Decline booking as school" time="0"/>
  <testcase name="When Upload &quot;Candidate Clearance Summary.pdf&quot; file" classname="Scenario: Accept booking as agency and Decline booking as school" time="0"/>
  <testcase name="When Choose &quot;I confirm that this teacher is fully cleared with DBS.&quot; checkbox" classname="Scenario: Accept booking as agency and Decline booking as school" time="0"/>
  <testcase name="When Choose &quot;I agree to RealiseMe&quot; policy checkbox" classname="Scenario: Accept booking as agency and Decline booking as school" time="0"/>
  <testcase name="When Click on the &quot;CONFIRM JOB&quot; button" classname="Scenario: Accept booking as agency and Decline booking as school" time="0"/>
  <testcase name="When wait time" classname="Scenario: Accept booking as agency and Decline booking as school" time="0"/>
  <testcase name="When wait time" classname="Scenario: Accept booking as agency and Decline booking as school" time="0"/>
  <testcase name="When Click on the arrow down button" classname="Scenario: Accept booking as agency and Decline booking as school" time="0"/>
  <testcase name="When Click on the LOGOUT button" classname="Scenario: Accept booking as agency and Decline booking as school" time="0"/>
  <testcase name="When Click on the &quot;Login as a school&quot; button" classname="Scenario: Accept booking as agency and Decline booking as school" time="0"/>
  <testcase name="When Enter login &quot;newuatschool28@yopmail.com&quot;" classname="Scenario: Accept booking as agency and Decline booking as school" time="0.001"/>
  <testcase name="When Find accepted invite with &quot;Booking for agency&quot; job title" classname="Scenario: Accept booking as agency and Decline booking as school" time="0"/>
  <testcase name="Then Entered &quot;Supply staff name&quot; teacher name is displayed" classname="Scenario: Accept booking as agency and Decline booking as school" time="0"/>
  <testcase name="Then Attached &quot;Candidate Clearance Summary.pdf&quot; file is displayed" classname="Scenario: Accept booking as agency and Decline booking as school" time="0"/>
  <testcase name="Then The &quot;162.27&quot; rate is displayed" classname="Scenario: Accept booking as agency and Decline booking as school" time="0"/>
  <testcase name="When Decline appropriate booking" classname="Scenario: Accept booking as agency and Decline booking as school" time="0"/>
  <testcase name="Scenario: Accept booking as agency and Decline booking as school" classname="Scenario: Accept booking as agency and Decline booking as school" time="0.104"/>
</testsuite>