<?xml version="1.0" encoding="UTF-8"?><testsuite errors="0" failures="0" name="Teacher Other Home Page" skipped="0" tests="11" time="136.72" timestamp="2018-05-123 07:10:21"><testcase name="Header contains all necessary elements"/><testcase name="Logout"/><testcase name="Left column contains all necessary elements"/><testcase name="Upcoming Supply Bookings table contains all necessary elements"/><testcase name="Header contains all necessary elements"/><testcase name="Logout"/><testcase name="Left column contains all necessary elements"/><testcase name="Header contains all necessary elements"/><testcase name="Logout"/><testcase name="Left column contains all necessary elements"/><testcase name="Recent Invites table contains all necessary elements"/></testsuite>