<?xml version="1.0" encoding="UTF-8"?><testsuite errors="3" failures="0" name="Booking Creation" skipped="0" tests="5" time="488.4" timestamp="2019-07-198 07:16:10"><testcase name="Check required fields at the create booking step"/><testcase name="Create booking for UNCLEARED teacher"><error message="Index: 1, Size: 0" type="java.lang.IndexOutOfBoundsException">Index: 1, Size: 0</error><system-err>Index: 1, Size: 0
RealiseMe.com.pages.CommonActions.CommonActions.appropriateTeachersAreDisplayedInTheInvitesList(CommonActions.java:82)
RealiseMe.com.steps.serenity.EndUserSteps.appropriateTeachersAreDisplayedInTheInvitesList(EndUserSteps.java:410)
RealiseMe.com.steps.DefinitionSteps.appropriateTeachersAreDisplayedInTheInvitesList(DefinitionSteps.java:360)
✽.Then Appropriate teachers are displayed in the invites list(src/test/resources/features/Booking flow/Booking_Creation.feature:86)
</system-err></testcase><testcase name="Create booking for PENDING teacher"><error message="Index: 1, Size: 0" type="java.lang.IndexOutOfBoundsException">Index: 1, Size: 0</error><system-err>Index: 1, Size: 0
RealiseMe.com.pages.CommonActions.CommonActions.appropriateTeachersAreDisplayedInTheInvitesList(CommonActions.java:82)
RealiseMe.com.steps.serenity.EndUserSteps.appropriateTeachersAreDisplayedInTheInvitesList(EndUserSteps.java:410)
RealiseMe.com.steps.DefinitionSteps.appropriateTeachersAreDisplayedInTheInvitesList(DefinitionSteps.java:360)
✽.Then Appropriate teachers are displayed in the invites list(src/test/resources/features/Booking flow/Booking_Creation.feature:116)
</system-err></testcase><testcase name="Create booking for CLEARED teacher"><error message="Index: 1, Size: 0" type="java.lang.IndexOutOfBoundsException">Index: 1, Size: 0</error><system-err>Index: 1, Size: 0
RealiseMe.com.pages.CommonActions.CommonActions.appropriateTeachersAreDisplayedInTheInvitesList(CommonActions.java:82)
RealiseMe.com.steps.serenity.EndUserSteps.appropriateTeachersAreDisplayedInTheInvitesList(EndUserSteps.java:410)
RealiseMe.com.steps.DefinitionSteps.appropriateTeachersAreDisplayedInTheInvitesList(DefinitionSteps.java:360)
✽.Then Appropriate teachers are displayed in the invites list(src/test/resources/features/Booking flow/Booking_Creation.feature:139)
</system-err></testcase><testcase name="Create booking for first three teachers in the search result list"/></testsuite>